<?xml version="1.0" encoding="UTF-8"?>
<testng-results skipped="0" failed="0" ignored="0" total="1" passed="1">
  <reporter-output>
  </reporter-output>
  <suite name="Default suite" duration-ms="11818" started-at="2017-01-23T00:23:50Z" finished-at="2017-01-23T00:24:01Z">
    <groups>
    </groups>
    <test name="Default test" duration-ms="11818" started-at="2017-01-23T00:23:50Z" finished-at="2017-01-23T00:24:01Z">
      <class name="com.selenium.gmail.testcases.LoginTest">
        <test-method status="PASS" signature="initialize()[pri:0, instance:com.selenium.gmail.testcases.LoginTest@670b40af]" name="initialize" is-config="true" duration-ms="478" started-at="2017-01-22T19:23:50Z" finished-at="2017-01-22T19:23:50Z">
          <reporter-output>
          </reporter-output>
        </test-method> <!-- initialize -->
        <test-method status="PASS" signature="doLoginTest()[pri:0, instance:com.selenium.gmail.testcases.LoginTest@670b40af]" name="doLoginTest" duration-ms="10910" started-at="2017-01-22T19:23:50Z" finished-at="2017-01-22T19:24:01Z">
          <reporter-output>
          </reporter-output>
        </test-method> <!-- doLoginTest -->
        <test-method status="PASS" signature="exit()[pri:0, instance:com.selenium.gmail.testcases.LoginTest@670b40af]" name="exit" is-config="true" duration-ms="416" started-at="2017-01-22T19:24:01Z" finished-at="2017-01-22T19:24:01Z">
          <reporter-output>
          </reporter-output>
        </test-method> <!-- exit -->
      </class> <!-- com.selenium.gmail.testcases.LoginTest -->
    </test> <!-- Default test -->
  </suite> <!-- Default suite -->
</testng-results>
