<?xml version="1.0" encoding="UTF-8"?>
<testng-results skipped="0" failed="0" total="1" passed="1">
  <reporter-output>
  </reporter-output>
  <suite name="Default suite" duration-ms="15141" started-at="2016-11-04T19:09:02Z" finished-at="2016-11-04T19:09:17Z">
    <groups>
    </groups>
    <test name="Default test" duration-ms="15141" started-at="2016-11-04T19:09:02Z" finished-at="2016-11-04T19:09:17Z">
      <class name="com.qtpselenium.zoho.project.testcases.logintest">
        <test-method status="PASS" signature="init()[pri:0, instance:com.qtpselenium.zoho.project.testcases.logintest@7a187f14]" name="init" is-config="true" duration-ms="0" started-at="2016-11-04T15:09:03Z" finished-at="2016-11-04T15:09:03Z">
          <reporter-output>
          </reporter-output>
        </test-method> <!-- init -->
        <test-method status="PASS" signature="doLoginTest(java.util.Hashtable)[pri:0, instance:com.qtpselenium.zoho.project.testcases.logintest@7a187f14]" name="doLoginTest" duration-ms="13092" started-at="2016-11-04T15:09:03Z" data-provider="getData" finished-at="2016-11-04T15:09:16Z">
          <params>
            <param index="0">
              <value>
                <![CDATA[{Username=ar729@njit.edu, ExpectedResult=Y, Password=pass@1234, Runmode=Y, Browser=Mozilla}]]>
              </value>
            </param>
          </params>
          <reporter-output>
          </reporter-output>
        </test-method> <!-- doLoginTest -->
        <test-method status="PASS" signature="quit()[pri:0, instance:com.qtpselenium.zoho.project.testcases.logintest@7a187f14]" name="quit" is-config="true" duration-ms="1235" started-at="2016-11-04T15:09:16Z" finished-at="2016-11-04T15:09:17Z">
          <reporter-output>
          </reporter-output>
        </test-method> <!-- quit -->
      </class> <!-- com.qtpselenium.zoho.project.testcases.logintest -->
    </test> <!-- Default test -->
  </suite> <!-- Default suite -->
</testng-results>
